Determining if the pthread_create exist failed with the following output:
Change Dir: /home/lucas/CLionProjects/taller1/cmake-build-debug/CMakeFiles/CMakeTmp

Run Build Command:"/usr/bin/make" "cmTC_a3449/fast"
/usr/bin/make -f CMakeFiles/cmTC_a3449.dir/build.make CMakeFiles/cmTC_a3449.dir/build
make[1]: se entra en el directorio '/home/lucas/CLionProjects/taller1/cmake-build-debug/CMakeFiles/CMakeTmp'
Building C object CMakeFiles/cmTC_a3449.dir/CheckSymbolExists.c.o
/usr/bin/cc    -o CMakeFiles/cmTC_a3449.dir/CheckSymbolExists.c.o   -c /home/lucas/CLionProjects/taller1/cmake-build-debug/CMakeFiles/CMakeTmp/CheckSymbolExists.c
Linking C executable cmTC_a3449
/opt/clion-2018.1.1/bin/cmake/bin/cmake -E cmake_link_script CMakeFiles/cmTC_a3449.dir/link.txt --verbose=1
/usr/bin/cc      -rdynamic CMakeFiles/cmTC_a3449.dir/CheckSymbolExists.c.o  -o cmTC_a3449 
CMakeFiles/cmTC_a3449.dir/CheckSymbolExists.c.o: En la función `main':
CheckSymbolExists.c:(.text+0x16): referencia a `pthread_create' sin definir
collect2: error: ld returned 1 exit status
CMakeFiles/cmTC_a3449.dir/build.make:97: fallo en las instrucciones para el objetivo 'cmTC_a3449'
make[1]: *** [cmTC_a3449] Error 1
make[1]: se sale del directorio '/home/lucas/CLionProjects/taller1/cmake-build-debug/CMakeFiles/CMakeTmp'
Makefile:126: fallo en las instrucciones para el objetivo 'cmTC_a3449/fast'
make: *** [cmTC_a3449/fast] Error 2

File /home/lucas/CLionProjects/taller1/cmake-build-debug/CMakeFiles/CMakeTmp/CheckSymbolExists.c:
/* */
#include <pthread.h>

int main(int argc, char** argv)
{
  (void)argv;
#ifndef pthread_create
  return ((int*)(&pthread_create))[argc];
#else
  (void)argc;
  return 0;
#endif
}

Determining if the function pthread_create exists in the pthreads failed with the following output:
Change Dir: /home/lucas/CLionProjects/taller1/cmake-build-debug/CMakeFiles/CMakeTmp

Run Build Command:"/usr/bin/make" "cmTC_138d9/fast"
/usr/bin/make -f CMakeFiles/cmTC_138d9.dir/build.make CMakeFiles/cmTC_138d9.dir/build
make[1]: se entra en el directorio '/home/lucas/CLionProjects/taller1/cmake-build-debug/CMakeFiles/CMakeTmp'
Building C object CMakeFiles/cmTC_138d9.dir/CheckFunctionExists.c.o
/usr/bin/cc   -DCHECK_FUNCTION_EXISTS=pthread_create   -o CMakeFiles/cmTC_138d9.dir/CheckFunctionExists.c.o   -c /opt/clion-2018.1.1/bin/cmake/share/cmake-3.10/Modules/CheckFunctionExists.c
Linking C executable cmTC_138d9
/opt/clion-2018.1.1/bin/cmake/bin/cmake -E cmake_link_script CMakeFiles/cmTC_138d9.dir/link.txt --verbose=1
/usr/bin/cc  -DCHECK_FUNCTION_EXISTS=pthread_create    -rdynamic CMakeFiles/cmTC_138d9.dir/CheckFunctionExists.c.o  -o cmTC_138d9 -lpthreads 
/usr/bin/ld: no se puede encontrar -lpthreads
collect2: error: ld returned 1 exit status
CMakeFiles/cmTC_138d9.dir/build.make:97: fallo en las instrucciones para el objetivo 'cmTC_138d9'
make[1]: *** [cmTC_138d9] Error 1
make[1]: se sale del directorio '/home/lucas/CLionProjects/taller1/cmake-build-debug/CMakeFiles/CMakeTmp'
Makefile:126: fallo en las instrucciones para el objetivo 'cmTC_138d9/fast'
make: *** [cmTC_138d9/fast] Error 2


